  guestForm.cpp
C:\Users\olive\Documents\My Schoolwork\Restaurant-Automation\Documentation\Milestone 6\We Serve U\We Serve U\guestForm.h(204,1): warning C4267: 'initializing': conversion from 'size_t' to 'int', possible loss of data
C:\Users\olive\Documents\My Schoolwork\Restaurant-Automation\Documentation\Milestone 6\We Serve U\We Serve U\guestForm.h(208,1): warning C4267: '=': conversion from 'size_t' to 'int', possible loss of data
C:\Users\olive\Documents\My Schoolwork\Restaurant-Automation\Documentation\Milestone 6\We Serve U\We Serve U\guestForm.h(212,1): warning C4267: '=': conversion from 'size_t' to 'int', possible loss of data
  isValidLogin.cpp
C:\Users\olive\Documents\My Schoolwork\Restaurant-Automation\Documentation\Milestone 6\We Serve U\We Serve U\isValidLogin.cpp(2,10): warning C4067: unexpected tokens following preprocessor directive - expected a newline
C:\Users\olive\Documents\My Schoolwork\Restaurant-Automation\Documentation\Milestone 6\We Serve U\We Serve U\guestForm.h(204,1): warning C4267: 'initializing': conversion from 'size_t' to 'int', possible loss of data
C:\Users\olive\Documents\My Schoolwork\Restaurant-Automation\Documentation\Milestone 6\We Serve U\We Serve U\guestForm.h(208,1): warning C4267: '=': conversion from 'size_t' to 'int', possible loss of data
C:\Users\olive\Documents\My Schoolwork\Restaurant-Automation\Documentation\Milestone 6\We Serve U\We Serve U\guestForm.h(212,1): warning C4267: '=': conversion from 'size_t' to 'int', possible loss of data
  loginForm.cpp
C:\Users\olive\Documents\My Schoolwork\Restaurant-Automation\Documentation\Milestone 6\We Serve U\We Serve U\guestForm.h(204,1): warning C4267: 'initializing': conversion from 'size_t' to 'int', possible loss of data
C:\Users\olive\Documents\My Schoolwork\Restaurant-Automation\Documentation\Milestone 6\We Serve U\We Serve U\guestForm.h(208,1): warning C4267: '=': conversion from 'size_t' to 'int', possible loss of data
C:\Users\olive\Documents\My Schoolwork\Restaurant-Automation\Documentation\Milestone 6\We Serve U\We Serve U\guestForm.h(212,1): warning C4267: '=': conversion from 'size_t' to 'int', possible loss of data
  manageEmployeeForm.cpp
C:\Users\olive\Documents\My Schoolwork\Restaurant-Automation\Documentation\Milestone 6\We Serve U\We Serve U\guestForm.h(204,1): warning C4267: 'initializing': conversion from 'size_t' to 'int', possible loss of data
C:\Users\olive\Documents\My Schoolwork\Restaurant-Automation\Documentation\Milestone 6\We Serve U\We Serve U\guestForm.h(208,1): warning C4267: '=': conversion from 'size_t' to 'int', possible loss of data
C:\Users\olive\Documents\My Schoolwork\Restaurant-Automation\Documentation\Milestone 6\We Serve U\We Serve U\guestForm.h(212,1): warning C4267: '=': conversion from 'size_t' to 'int', possible loss of data
  managerForm.cpp
C:\Users\olive\Documents\My Schoolwork\Restaurant-Automation\Documentation\Milestone 6\We Serve U\We Serve U\guestForm.h(204,1): warning C4267: 'initializing': conversion from 'size_t' to 'int', possible loss of data
C:\Users\olive\Documents\My Schoolwork\Restaurant-Automation\Documentation\Milestone 6\We Serve U\We Serve U\guestForm.h(208,1): warning C4267: '=': conversion from 'size_t' to 'int', possible loss of data
C:\Users\olive\Documents\My Schoolwork\Restaurant-Automation\Documentation\Milestone 6\We Serve U\We Serve U\guestForm.h(212,1): warning C4267: '=': conversion from 'size_t' to 'int', possible loss of data
  Generating Code...
  chefForm.obj : MSIL module encountered; incremental linking is disabled for MSIL; performing full link
  We Serve U.vcxproj -> C:\Users\olive\Documents\My Schoolwork\Restaurant-Automation\Documentation\Milestone 6\We Serve U\x64\Debug\We Serve U.exe
