c:\users\mohammed\desktop\main\restaurant-automation\documentation\milestone 6\we serve u\we serve u\x64\debug\vc142.pdb
c:\users\mohammed\desktop\main\restaurant-automation\documentation\milestone 6\we serve u\we serve u\x64\debug\.netframework,version=v4.7.2.assemblyattributes.obj
c:\users\mohammed\desktop\main\restaurant-automation\documentation\milestone 6\we serve u\we serve u\x64\debug\waitstaffform.obj
c:\users\mohammed\desktop\main\restaurant-automation\documentation\milestone 6\we serve u\we serve u\x64\debug\menu.obj
c:\users\mohammed\desktop\main\restaurant-automation\documentation\milestone 6\we serve u\we serve u\x64\debug\managerform.obj
c:\users\mohammed\desktop\main\restaurant-automation\documentation\milestone 6\we serve u\we serve u\x64\debug\managerengine.obj
c:\users\mohammed\desktop\main\restaurant-automation\documentation\milestone 6\we serve u\we serve u\x64\debug\manageemployeeform.obj
c:\users\mohammed\desktop\main\restaurant-automation\documentation\milestone 6\we serve u\we serve u\x64\debug\loginform.obj
c:\users\mohammed\desktop\main\restaurant-automation\documentation\milestone 6\we serve u\we serve u\x64\debug\item.obj
c:\users\mohammed\desktop\main\restaurant-automation\documentation\milestone 6\we serve u\we serve u\x64\debug\isvalidlogin.obj
c:\users\mohammed\desktop\main\restaurant-automation\documentation\milestone 6\we serve u\we serve u\x64\debug\guestform.obj
c:\users\mohammed\desktop\main\restaurant-automation\documentation\milestone 6\we serve u\we serve u\x64\debug\chefform.obj
c:\users\mohammed\desktop\main\restaurant-automation\documentation\milestone 6\we serve u\we serve u\x64\debug\editmenuform.obj
c:\users\mohammed\desktop\main\restaurant-automation\documentation\milestone 6\we serve u\we serve u\x64\debug\editmenuengine.obj
c:\users\mohammed\desktop\main\restaurant-automation\documentation\milestone 6\we serve u\x64\debug\we serve u.exe
c:\users\mohammed\desktop\main\restaurant-automation\documentation\milestone 6\we serve u\x64\debug\we serve u.pdb
c:\users\olive\documents\my schoolwork\project\restaurant-automation\documentation\milestone 6\we serve u\we serve u\x64\debug\weserveu.loginform.resources
c:\users\olive\documents\project\restaurant-automation\documentation\milestone 6\we serve u\we serve u\x64\debug\weserveu.loginform.resources
c:\users\olive\documents\project\restaurant-automation\documentation\milestone 6\we serve u\we serve u\x64\debug\weserveu.guestform.resources
c:\users\olive\documents\my schoolwork\restaurant-automation\documentation\milestone 6\we serve u\we serve u\x64\debug\weserveu.guestform.resources
c:\users\olive\documents\my schoolwork\restaurant-automation\documentation\milestone 6\we serve u\we serve u\x64\debug\weserveu.loginform.resources
c:\users\olive\documents\my schoolwork\restaurant-automation\documentation\milestone 6\we serve u\we serve u\x64\debug\weserveu.chefform.resources
c:\users\olive\documents\my schoolwork\restaurant-automation\documentation\milestone 6\we serve u\we serve u\x64\debug\weserveu.managerform.resources
c:\users\olive\documents\my schoolwork\restaurant-automation\documentation\milestone 6\we serve u\we serve u\x64\debug\weserveu.waitstaffform.resources
c:\users\olive\documents\my schoolwork\restaurant-automation\documentation\milestone 6\we serve u\we serve u\x64\debug\weserveu.manageemployeeform.resources
c:\subham\development\github\restaurant-automation\documentation\milestone 6\we serve u\we serve u\x64\debug\weserveu.chefform.resources
c:\subham\development\github\restaurant-automation\documentation\milestone 6\we serve u\we serve u\x64\debug\weserveu.guestform.resources
c:\subham\development\github\restaurant-automation\documentation\milestone 6\we serve u\we serve u\x64\debug\weserveu.loginform.resources
c:\subham\development\github\restaurant-automation\documentation\milestone 6\we serve u\we serve u\x64\debug\weserveu.manageemployeeform.resources
c:\subham\development\github\restaurant-automation\documentation\milestone 6\we serve u\we serve u\x64\debug\weserveu.managerform.resources
c:\subham\development\github\restaurant-automation\documentation\milestone 6\we serve u\we serve u\x64\debug\weserveu.waitstaffform.resources
c:\users\mohammed\desktop\main\restaurant-automation\documentation\milestone 6\we serve u\we serve u\x64\debug\weserveu.chefform.resources
c:\users\mohammed\desktop\main\restaurant-automation\documentation\milestone 6\we serve u\we serve u\x64\debug\weserveu.guestform.resources
c:\users\mohammed\desktop\main\restaurant-automation\documentation\milestone 6\we serve u\we serve u\x64\debug\weserveu.loginform.resources
c:\users\mohammed\desktop\main\restaurant-automation\documentation\milestone 6\we serve u\we serve u\x64\debug\weserveu.manageemployeeform.resources
c:\users\mohammed\desktop\main\restaurant-automation\documentation\milestone 6\we serve u\we serve u\x64\debug\weserveu.managerform.resources
c:\users\mohammed\desktop\main\restaurant-automation\documentation\milestone 6\we serve u\we serve u\x64\debug\weserveu.waitstaffform.resources
c:\users\mohammed\desktop\main\restaurant-automation\documentation\milestone 6\we serve u\we serve u\x64\debug\we serve u.vcxproj.suggestedbindingredirects.cache
c:\users\mohammed\desktop\main\restaurant-automation\documentation\milestone 6\we serve u\we serve u\x64\debug\vc143.pdb
c:\users\mohammed\desktop\main\restaurant-automation\documentation\milestone 6\we serve u\we serve u\x64\debug\we serve u.tlog\cl.command.1.tlog
c:\users\mohammed\desktop\main\restaurant-automation\documentation\milestone 6\we serve u\we serve u\x64\debug\we serve u.tlog\cl.read.1.tlog
c:\users\mohammed\desktop\main\restaurant-automation\documentation\milestone 6\we serve u\we serve u\x64\debug\we serve u.tlog\cl.write.1.tlog
c:\users\mohammed\desktop\main\restaurant-automation\documentation\milestone 6\we serve u\we serve u\x64\debug\we serve u.tlog\link.command.1.tlog
c:\users\mohammed\desktop\main\restaurant-automation\documentation\milestone 6\we serve u\we serve u\x64\debug\we serve u.tlog\link.read.1.tlog
c:\users\mohammed\desktop\main\restaurant-automation\documentation\milestone 6\we serve u\we serve u\x64\debug\we serve u.tlog\link.write.1.tlog
c:\users\mohammed\desktop\main\restaurant-automation\documentation\milestone 6\we serve u\we serve u\x64\debug\we serve u.tlog\metagen.read.1.tlog
c:\users\mohammed\desktop\main\restaurant-automation\documentation\milestone 6\we serve u\we serve u\x64\debug\we serve u.tlog\metagen.write.1.tlog
c:\users\mohammed\desktop\main\restaurant-automation\documentation\milestone 6\we serve u\we serve u\x64\debug\we serve u.tlog\we serve u.write.1u.tlog
